<?xml version="1.0" encoding="UTF-8"?>
<!-- Generated by org.testng.reporters.JUnitReportReporter -->
<testsuite hostname="DESKTOP-VGBJQDV" failures="0" tests="4" name="com.runnerClass.TestNGRunnerTest" time="53.661" errors="0" timestamp="2023-01-24T12:58:48 IST" skipped="0">
  <testcase classname="com.runnerClass.TestNGRunnerTest" name="runScenario" time="17.522"/>
  <system-out/>
  <testcase classname="com.runnerClass.TestNGRunnerTest" name="runScenario" time="11.731"/>
  <system-out/>
  <testcase classname="com.runnerClass.TestNGRunnerTest" name="runScenario" time="14.029"/>
  <system-out/>
  <testcase classname="com.runnerClass.TestNGRunnerTest" name="runScenario" time="10.379"/>
  <system-out/>
</testsuite> <!-- com.runnerClass.TestNGRunnerTest -->
